;  LST file generated by mikroListExporter - v.2.0 
; Date/Time: 1/20/2024 9:10:08 PM
;----------------------------------------------

;Address Opcode 	ASM
0x0000	0x2A4A      	GOTO       586
_Delay_50us:
;__Lib_Delays.c,19 :: 		void Delay_50us() {
;__Lib_Delays.c,20 :: 		Delay_us(50);
0x0003	0x3021      	MOVLW      33
0x0004	0x1283      	BCF        STATUS, 5
0x0005	0x1303      	BCF        STATUS, 6
0x0006	0x00FD      	MOVWF      R13
L_Delay_50us2:
0x0007	0x0BFD      	DECFSZ     R13, 1
0x0008	0x2807      	GOTO       L_Delay_50us2
;__Lib_Delays.c,21 :: 		}
L_end_Delay_50us:
0x0009	0x0008      	RETURN
; end of _Delay_50us
_Delay_1us:
;__Lib_Delays.c,7 :: 		void Delay_1us() {
;__Lib_Delays.c,8 :: 		Delay_us(1);
0x000A	0x0000      	NOP
0x000B	0x0000      	NOP
;__Lib_Delays.c,9 :: 		}
L_end_Delay_1us:
0x000C	0x0008      	RETURN
; end of _Delay_1us
_Delay_5500us:
;__Lib_Delays.c,31 :: 		void Delay_5500us() {
;__Lib_Delays.c,32 :: 		Delay_us(5500);
0x000D	0x300F      	MOVLW      15
0x000E	0x1283      	BCF        STATUS, 5
0x000F	0x1303      	BCF        STATUS, 6
0x0010	0x00FC      	MOVWF      R12
0x0011	0x3047      	MOVLW      71
0x0012	0x00FD      	MOVWF      R13
L_Delay_5500us5:
0x0013	0x0BFD      	DECFSZ     R13, 1
0x0014	0x2813      	GOTO       L_Delay_5500us5
0x0015	0x0BFC      	DECFSZ     R12, 1
0x0016	0x2813      	GOTO       L_Delay_5500us5
0x0017	0x0000      	NOP
0x0018	0x0000      	NOP
;__Lib_Delays.c,33 :: 		}
L_end_Delay_5500us:
0x0019	0x0008      	RETURN
; end of _Delay_5500us
_Lcd_Cmd:
;__Lib_Lcd.c,18 :: 		
;__Lib_Lcd.c,20 :: 		
0x001A	0x1283      	BCF        STATUS, 5
0x001B	0x1303      	BCF        STATUS, 6
0x001C	0x1BCC      	BTFSC      FARG_Lcd_Cmd_out_char, 7
0x001D	0x2820      	GOTO       L__Lcd_Cmd21
0x001E	0x1088      	BCF        LCD_D7, BitPos(LCD_D7+0)
0x001F	0x2821      	GOTO       L__Lcd_Cmd22
L__Lcd_Cmd21:
0x0020	0x1488      	BSF        LCD_D7, BitPos(LCD_D7+0)
L__Lcd_Cmd22:
;__Lib_Lcd.c,21 :: 		
0x0021	0x1B4C      	BTFSC      FARG_Lcd_Cmd_out_char, 6
0x0022	0x2825      	GOTO       L__Lcd_Cmd23
0x0023	0x1008      	BCF        LCD_D6, BitPos(LCD_D6+0)
0x0024	0x2826      	GOTO       L__Lcd_Cmd24
L__Lcd_Cmd23:
0x0025	0x1408      	BSF        LCD_D6, BitPos(LCD_D6+0)
L__Lcd_Cmd24:
;__Lib_Lcd.c,22 :: 		
0x0026	0x1ACC      	BTFSC      FARG_Lcd_Cmd_out_char, 5
0x0027	0x282A      	GOTO       L__Lcd_Cmd25
0x0028	0x1288      	BCF        LCD_D5, BitPos(LCD_D5+0)
0x0029	0x282B      	GOTO       L__Lcd_Cmd26
L__Lcd_Cmd25:
0x002A	0x1688      	BSF        LCD_D5, BitPos(LCD_D5+0)
L__Lcd_Cmd26:
;__Lib_Lcd.c,23 :: 		
0x002B	0x1A4C      	BTFSC      FARG_Lcd_Cmd_out_char, 4
0x002C	0x282F      	GOTO       L__Lcd_Cmd27
0x002D	0x1308      	BCF        LCD_D4, BitPos(LCD_D4+0)
0x002E	0x2830      	GOTO       L__Lcd_Cmd28
L__Lcd_Cmd27:
0x002F	0x1708      	BSF        LCD_D4, BitPos(LCD_D4+0)
L__Lcd_Cmd28:
;__Lib_Lcd.c,25 :: 		
0x0030	0x1835      	BTFSC      __Lib_Lcd_cmd_status, BitPos(__Lib_Lcd_cmd_status+0)
0x0031	0x2834      	GOTO       L__Lcd_Cmd29
0x0032	0x1788      	BSF        LCD_RS, BitPos(LCD_RS+0)
0x0033	0x2835      	GOTO       L__Lcd_Cmd30
L__Lcd_Cmd29:
0x0034	0x1388      	BCF        LCD_RS, BitPos(LCD_RS+0)
L__Lcd_Cmd30:
;__Lib_Lcd.c,28 :: 		
0x0035	0x1608      	BSF        LCD_EN, BitPos(LCD_EN+0)
;__Lib_Lcd.c,29 :: 		
0x0036	0x200A      	CALL       _Delay_1us
;__Lib_Lcd.c,30 :: 		
0x0037	0x1208      	BCF        LCD_EN, BitPos(LCD_EN+0)
;__Lib_Lcd.c,33 :: 		
0x0038	0x19CC      	BTFSC      FARG_Lcd_Cmd_out_char, 3
0x0039	0x283C      	GOTO       L__Lcd_Cmd31
0x003A	0x1088      	BCF        LCD_D7, BitPos(LCD_D7+0)
0x003B	0x283D      	GOTO       L__Lcd_Cmd32
L__Lcd_Cmd31:
0x003C	0x1488      	BSF        LCD_D7, BitPos(LCD_D7+0)
L__Lcd_Cmd32:
;__Lib_Lcd.c,34 :: 		
0x003D	0x194C      	BTFSC      FARG_Lcd_Cmd_out_char, 2
0x003E	0x2841      	GOTO       L__Lcd_Cmd33
0x003F	0x1008      	BCF        LCD_D6, BitPos(LCD_D6+0)
0x0040	0x2842      	GOTO       L__Lcd_Cmd34
L__Lcd_Cmd33:
0x0041	0x1408      	BSF        LCD_D6, BitPos(LCD_D6+0)
L__Lcd_Cmd34:
;__Lib_Lcd.c,35 :: 		
0x0042	0x18CC      	BTFSC      FARG_Lcd_Cmd_out_char, 1
0x0043	0x2846      	GOTO       L__Lcd_Cmd35
0x0044	0x1288      	BCF        LCD_D5, BitPos(LCD_D5+0)
0x0045	0x2847      	GOTO       L__Lcd_Cmd36
L__Lcd_Cmd35:
0x0046	0x1688      	BSF        LCD_D5, BitPos(LCD_D5+0)
L__Lcd_Cmd36:
;__Lib_Lcd.c,36 :: 		
0x0047	0x184C      	BTFSC      FARG_Lcd_Cmd_out_char, 0
0x0048	0x284B      	GOTO       L__Lcd_Cmd37
0x0049	0x1308      	BCF        LCD_D4, BitPos(LCD_D4+0)
0x004A	0x284C      	GOTO       L__Lcd_Cmd38
L__Lcd_Cmd37:
0x004B	0x1708      	BSF        LCD_D4, BitPos(LCD_D4+0)
L__Lcd_Cmd38:
;__Lib_Lcd.c,38 :: 		
0x004C	0x1835      	BTFSC      __Lib_Lcd_cmd_status, BitPos(__Lib_Lcd_cmd_status+0)
0x004D	0x2850      	GOTO       L__Lcd_Cmd39
0x004E	0x1788      	BSF        LCD_RS, BitPos(LCD_RS+0)
0x004F	0x2851      	GOTO       L__Lcd_Cmd40
L__Lcd_Cmd39:
0x0050	0x1388      	BCF        LCD_RS, BitPos(LCD_RS+0)
L__Lcd_Cmd40:
;__Lib_Lcd.c,40 :: 		
0x0051	0x1608      	BSF        LCD_EN, BitPos(LCD_EN+0)
;__Lib_Lcd.c,41 :: 		
0x0052	0x200A      	CALL       _Delay_1us
;__Lib_Lcd.c,42 :: 		
0x0053	0x1208      	BCF        LCD_EN, BitPos(LCD_EN+0)
;__Lib_Lcd.c,44 :: 		
0x0054	0x1C35      	BTFSS      __Lib_Lcd_cmd_status, BitPos(__Lib_Lcd_cmd_status+0)
0x0055	0x2858      	GOTO       L_Lcd_Cmd0
;__Lib_Lcd.c,45 :: 		
0x0056	0x200D      	CALL       _Delay_5500us
0x0057	0x2859      	GOTO       L_Lcd_Cmd1
L_Lcd_Cmd0:
;__Lib_Lcd.c,47 :: 		
0x0058	0x2003      	CALL       _Delay_50us
L_Lcd_Cmd1:
;__Lib_Lcd.c,48 :: 		
L_end_Lcd_Cmd:
0x0059	0x0008      	RETURN
; end of _Lcd_Cmd
_Div_16X16_U:
;__Lib_Math.c,215 :: 		
;__Lib_Math.c,222 :: 		
0x005A	0x1283      	BCF        STATUS, 5
;__Lib_Math.c,223 :: 		
0x005B	0x1303      	BCF        STATUS, 6
;__Lib_Math.c,224 :: 		
0x005C	0x01F8      	CLRF       R8
;__Lib_Math.c,225 :: 		
0x005D	0x01F9      	CLRF       R9
;__Lib_Math.c,226 :: 		
0x005E	0x3010      	MOVLW      16
;__Lib_Math.c,227 :: 		
0x005F	0x00FC      	MOVWF      R12
;__Lib_Math.c,228 :: 		
0x0060	0x0D71      	RLF        R1, 0
;__Lib_Math.c,229 :: 		
0x0061	0x0DF8      	RLF        R8, 1
;__Lib_Math.c,230 :: 		
0x0062	0x0DF9      	RLF        R9, 1
;__Lib_Math.c,231 :: 		
0x0063	0x0874      	MOVF       R4, 0
;__Lib_Math.c,232 :: 		
0x0064	0x02F8      	SUBWF      R8, 1
;__Lib_Math.c,233 :: 		
0x0065	0x0875      	MOVF       R5, 0
;__Lib_Math.c,234 :: 		
0x0066	0x1C03      	BTFSS      STATUS, 0
;__Lib_Math.c,235 :: 		
0x0067	0x0F75      	INCFSZ     R5, 0
;__Lib_Math.c,236 :: 		
0x0068	0x02F9      	SUBWF      R9, 1
;__Lib_Math.c,237 :: 		
0x0069	0x1803      	BTFSC      STATUS, 0
;__Lib_Math.c,238 :: 		
0x006A	0x2872      	GOTO       $+8
;__Lib_Math.c,239 :: 		
0x006B	0x0874      	MOVF       R4, 0
;__Lib_Math.c,240 :: 		
0x006C	0x07F8      	ADDWF      R8, 1
;__Lib_Math.c,241 :: 		
0x006D	0x0875      	MOVF       R5, 0
;__Lib_Math.c,242 :: 		
0x006E	0x1803      	BTFSC      STATUS, 0
;__Lib_Math.c,243 :: 		
0x006F	0x0F75      	INCFSZ     R5, 0
;__Lib_Math.c,244 :: 		
0x0070	0x07F9      	ADDWF      R9, 1
;__Lib_Math.c,245 :: 		
0x0071	0x1003      	BCF        STATUS, 0
;__Lib_Math.c,246 :: 		
0x0072	0x0DF0      	RLF        R0, 1
;__Lib_Math.c,247 :: 		
0x0073	0x0DF1      	RLF        R1, 1
;__Lib_Math.c,248 :: 		
0x0074	0x0BFC      	DECFSZ     R12, 1
;__Lib_Math.c,249 :: 		
0x0075	0x2860      	GOTO       $-21
;__Lib_Math.c,251 :: 		
L_end_Div_16X16_U:
0x0076	0x0008      	RETURN
; end of _Div_16X16_U
_Lcd_Chr_CP:
;__Lib_Lcd.c,50 :: 		
;__Lib_Lcd.c,52 :: 		
0x0077	0x1283      	BCF        STATUS, 5
0x0078	0x1303      	BCF        STATUS, 6
0x0079	0x1035      	BCF        __Lib_Lcd_cmd_status, BitPos(__Lib_Lcd_cmd_status+0)
;__Lib_Lcd.c,53 :: 		
0x007A	0x0847      	MOVF       FARG_Lcd_Chr_CP_out_char, 0
0x007B	0x00CC      	MOVWF      FARG_Lcd_Cmd_out_char
0x007C	0x201A      	CALL       _Lcd_Cmd
;__Lib_Lcd.c,54 :: 		
0x007D	0x1435      	BSF        __Lib_Lcd_cmd_status, BitPos(__Lib_Lcd_cmd_status+0)
;__Lib_Lcd.c,55 :: 		
L_end_Lcd_Chr_CP:
0x007E	0x0008      	RETURN
; end of _Lcd_Chr_CP
_____DoICP:
;__Lib_System.c,6 :: 		
;__Lib_System.c,9 :: 		
0x007F	0x1283      	BCF        STATUS, 5
0x0080	0x1303      	BCF        STATUS, 6
0x0081	0x0839      	MOVF       ___DoICPAddr+1, 0
0x0082	0x008A      	MOVWF      PCLATH
;__Lib_System.c,10 :: 		
0x0083	0x0838      	MOVF       ___DoICPAddr, 0
0x0084	0x0082      	MOVWF      PCL
;__Lib_System.c,12 :: 		
L_end_____DoICP:
0x0085	0x0008      	RETURN
; end of _____DoICP
_WordToStr:
;__Lib_Conversions.c,98 :: 		
;__Lib_Conversions.c,103 :: 		
0x0086	0x1283      	BCF        STATUS, 5
0x0087	0x1303      	BCF        STATUS, 6
0x0088	0x01CA      	CLRF       WordToStr_len_L0
L_WordToStr11:
0x0089	0x3005      	MOVLW      5
0x008A	0x024A      	SUBWF      WordToStr_len_L0, 0
0x008B	0x1803      	BTFSC      STATUS, 0
0x008C	0x2894      	GOTO       L_WordToStr12
;__Lib_Conversions.c,104 :: 		
0x008D	0x084A      	MOVF       WordToStr_len_L0, 0
0x008E	0x0749      	ADDWF      FARG_WordToStr_output, 0
0x008F	0x0084      	MOVWF      FSR
0x0090	0x3020      	MOVLW      32
0x0091	0x0080      	MOVWF      INDF
;__Lib_Conversions.c,103 :: 		
0x0092	0x0ACA      	INCF       WordToStr_len_L0, 1
;__Lib_Conversions.c,104 :: 		
0x0093	0x2889      	GOTO       L_WordToStr11
L_WordToStr12:
;__Lib_Conversions.c,105 :: 		
0x0094	0x084A      	MOVF       WordToStr_len_L0, 0
0x0095	0x0749      	ADDWF      FARG_WordToStr_output, 0
0x0096	0x0084      	MOVWF      FSR
0x0097	0x0180      	CLRF       INDF
0x0098	0x03CA      	DECF       WordToStr_len_L0, 1
;__Lib_Conversions.c,107 :: 		
L_WordToStr14:
;__Lib_Conversions.c,108 :: 		
0x0099	0x084A      	MOVF       WordToStr_len_L0, 0
0x009A	0x0749      	ADDWF      FARG_WordToStr_output, 0
0x009B	0x00CB      	MOVWF      FLOC__WordToStr
0x009C	0x300A      	MOVLW      10
0x009D	0x00F4      	MOVWF      R4
0x009E	0x01F5      	CLRF       R4+1
0x009F	0x0847      	MOVF       FARG_WordToStr_input, 0
0x00A0	0x00F0      	MOVWF      R0
0x00A1	0x0848      	MOVF       FARG_WordToStr_input+1, 0
0x00A2	0x00F1      	MOVWF      R0+1
0x00A3	0x205A      	CALL       _Div_16X16_U
0x00A4	0x0878      	MOVF       R8, 0
0x00A5	0x00F0      	MOVWF      R0
0x00A6	0x0879      	MOVF       R8+1, 0
0x00A7	0x00F1      	MOVWF      R0+1
0x00A8	0x3030      	MOVLW      48
0x00A9	0x07F0      	ADDWF      R0, 1
0x00AA	0x084B      	MOVF       FLOC__WordToStr, 0
0x00AB	0x0084      	MOVWF      FSR
0x00AC	0x0870      	MOVF       R0, 0
0x00AD	0x0080      	MOVWF      INDF
;__Lib_Conversions.c,109 :: 		
0x00AE	0x300A      	MOVLW      10
0x00AF	0x00F4      	MOVWF      R4
0x00B0	0x01F5      	CLRF       R4+1
0x00B1	0x0847      	MOVF       FARG_WordToStr_input, 0
0x00B2	0x00F0      	MOVWF      R0
0x00B3	0x0848      	MOVF       FARG_WordToStr_input+1, 0
0x00B4	0x00F1      	MOVWF      R0+1
0x00B5	0x205A      	CALL       _Div_16X16_U
0x00B6	0x0870      	MOVF       R0, 0
0x00B7	0x00C7      	MOVWF      FARG_WordToStr_input
0x00B8	0x0871      	MOVF       R0+1, 0
0x00B9	0x00C8      	MOVWF      FARG_WordToStr_input+1
;__Lib_Conversions.c,110 :: 		
0x00BA	0x3000      	MOVLW      0
0x00BB	0x0671      	XORWF      R0+1, 0
0x00BC	0x1D03      	BTFSS      STATUS, 2
0x00BD	0x28C0      	GOTO       L__WordToStr379
0x00BE	0x3000      	MOVLW      0
0x00BF	0x0670      	XORWF      R0, 0
L__WordToStr379:
0x00C0	0x1D03      	BTFSS      STATUS, 2
0x00C1	0x28C3      	GOTO       L_WordToStr16
;__Lib_Conversions.c,111 :: 		
0x00C2	0x28C5      	GOTO       L_WordToStr15
L_WordToStr16:
;__Lib_Conversions.c,112 :: 		
0x00C3	0x03CA      	DECF       WordToStr_len_L0, 1
;__Lib_Conversions.c,113 :: 		
0x00C4	0x2899      	GOTO       L_WordToStr14
L_WordToStr15:
;__Lib_Conversions.c,114 :: 		
L_end_WordToStr:
0x00C5	0x0008      	RETURN
; end of _WordToStr
_Mul_16X16_U:
;__Lib_Math.c,136 :: 		
;__Lib_Math.c,143 :: 		
0x00C6	0x1283      	BCF        STATUS, 5
;__Lib_Math.c,144 :: 		
0x00C7	0x1303      	BCF        STATUS, 6
;__Lib_Math.c,145 :: 		
0x00C8	0x01FB      	CLRF       R11
;__Lib_Math.c,146 :: 		
0x00C9	0x01FA      	CLRF       R10
;__Lib_Math.c,147 :: 		
0x00CA	0x01F9      	CLRF       R9
;__Lib_Math.c,148 :: 		
0x00CB	0x3080      	MOVLW      128
;__Lib_Math.c,149 :: 		
0x00CC	0x00F8      	MOVWF      R8
;__Lib_Math.c,150 :: 		
0x00CD	0x0CF1      	RRF        R1, 1
;__Lib_Math.c,151 :: 		
0x00CE	0x0CF0      	RRF        R0, 1
;__Lib_Math.c,152 :: 		
0x00CF	0x1C03      	BTFSS      STATUS, 0
;__Lib_Math.c,153 :: 		
0x00D0	0x28DA      	GOTO       $+10
;__Lib_Math.c,154 :: 		
0x00D1	0x0874      	MOVF       R4, 0
;__Lib_Math.c,155 :: 		
0x00D2	0x07F9      	ADDWF      R9, 1
;__Lib_Math.c,156 :: 		
0x00D3	0x0875      	MOVF       R5, 0
;__Lib_Math.c,157 :: 		
0x00D4	0x1803      	BTFSC      STATUS, 0
;__Lib_Math.c,158 :: 		
0x00D5	0x0F75      	INCFSZ     R5, 0
;__Lib_Math.c,159 :: 		
0x00D6	0x07FA      	ADDWF      R10, 1
;__Lib_Math.c,160 :: 		
0x00D7	0x1803      	BTFSC      STATUS, 0
;__Lib_Math.c,161 :: 		
0x00D8	0x0AFB      	INCF       R11, 1
;__Lib_Math.c,162 :: 		
0x00D9	0x1003      	BCF        STATUS, 0
;__Lib_Math.c,163 :: 		
0x00DA	0x1FF0      	BTFSS      R0, 7
;__Lib_Math.c,164 :: 		
0x00DB	0x28E2      	GOTO       $+7
;__Lib_Math.c,165 :: 		
0x00DC	0x0874      	MOVF       R4, 0
;__Lib_Math.c,166 :: 		
0x00DD	0x07FA      	ADDWF      R10, 1
;__Lib_Math.c,167 :: 		
0x00DE	0x0875      	MOVF       R5, 0
;__Lib_Math.c,168 :: 		
0x00DF	0x1803      	BTFSC      STATUS, 0
;__Lib_Math.c,169 :: 		
0x00E0	0x0F75      	INCFSZ     R5, 0
;__Lib_Math.c,170 :: 		
0x00E1	0x07FB      	ADDWF      R11, 1
;__Lib_Math.c,171 :: 		
0x00E2	0x0CFB      	RRF        R11, 1
;__Lib_Math.c,172 :: 		
0x00E3	0x0CFA      	RRF        R10, 1
;__Lib_Math.c,173 :: 		
0x00E4	0x0CF9      	RRF        R9, 1
;__Lib_Math.c,174 :: 		
0x00E5	0x0CF8      	RRF        R8, 1
;__Lib_Math.c,175 :: 		
0x00E6	0x1C03      	BTFSS      STATUS, 0
;__Lib_Math.c,176 :: 		
0x00E7	0x28CD      	GOTO       $-26
;__Lib_Math.c,177 :: 		
0x00E8	0x087B      	MOVF       R11, 0
;__Lib_Math.c,178 :: 		
0x00E9	0x00F3      	MOVWF      R3
;__Lib_Math.c,179 :: 		
0x00EA	0x087A      	MOVF       R10, 0
;__Lib_Math.c,180 :: 		
0x00EB	0x00F2      	MOVWF      R2
;__Lib_Math.c,181 :: 		
0x00EC	0x0879      	MOVF       R9, 0
;__Lib_Math.c,182 :: 		
0x00ED	0x00F1      	MOVWF      R1
;__Lib_Math.c,183 :: 		
0x00EE	0x0878      	MOVF       R8, 0
;__Lib_Math.c,184 :: 		
0x00EF	0x00F0      	MOVWF      R0
;__Lib_Math.c,187 :: 		
L_end_Mul_16X16_U:
0x00F0	0x0008      	RETURN
; end of _Mul_16X16_U
_CCPWM_init:
;G2_project.c,84 :: 		void CCPWM_init( void){
;G2_project.c,85 :: 		TRISC=0X00;
0x00F1	0x1683      	BSF        STATUS, 5
0x00F2	0x1303      	BCF        STATUS, 6
0x00F3	0x0187      	CLRF       TRISC
;G2_project.c,86 :: 		T2CON = 0x07; //1:5 postscale, TMR2 on, 16 prescaler
0x00F4	0x3007      	MOVLW      7
0x00F5	0x1283      	BCF        STATUS, 5
0x00F6	0x0092      	MOVWF      T2CON
;G2_project.c,88 :: 		CCP2CON = 0x0C; //PWM mode
0x00F7	0x300C      	MOVLW      12
0x00F8	0x009D      	MOVWF      CCP2CON
;G2_project.c,89 :: 		PR2 = 250;//end value set to 250
0x00F9	0x30FA      	MOVLW      250
0x00FA	0x1683      	BSF        STATUS, 5
0x00FB	0x0092      	MOVWF      PR2
;G2_project.c,91 :: 		CCPR2L= 125;
0x00FC	0x307D      	MOVLW      125
0x00FD	0x1283      	BCF        STATUS, 5
0x00FE	0x009B      	MOVWF      CCPR2L
;G2_project.c,92 :: 		}
L_end_CCPWM_init:
0x00FF	0x0008      	RETURN
; end of _CCPWM_init
_water_level:
;G2_project.c,98 :: 		void water_level(){//for measuring the water level
;G2_project.c,100 :: 		if (PORTB=PORTB&0X01)
0x0100	0x3001      	MOVLW      1
0x0101	0x1283      	BCF        STATUS, 5
0x0102	0x1303      	BCF        STATUS, 6
0x0103	0x0586      	ANDWF      PORTB, 1
0x0104	0x0806      	MOVF       PORTB, 0
0x0105	0x1903      	BTFSC      STATUS, 2
0x0106	0x2908      	GOTO       L_water_level8
;G2_project.c,101 :: 		PORTB=PORTB|0X80;
0x0107	0x1786      	BSF        PORTB, 7
L_water_level8:
;G2_project.c,102 :: 		}
L_end_water_level:
0x0108	0x0008      	RETURN
; end of _water_level
_AID_read2:
;G2_project.c,72 :: 		unsigned int AID_read2(void){   //CHANNEL 1
;G2_project.c,74 :: 		ADCON0=ADCON0|0X04;
0x0109	0x1283      	BCF        STATUS, 5
0x010A	0x1303      	BCF        STATUS, 6
0x010B	0x151F      	BSF        ADCON0, 2
;G2_project.c,75 :: 		while(ADCON0 & 0X04);
L_AID_read26:
0x010C	0x1D1F      	BTFSS      ADCON0, 2
0x010D	0x290F      	GOTO       L_AID_read27
0x010E	0x290C      	GOTO       L_AID_read26
L_AID_read27:
;G2_project.c,76 :: 		return (ADRESH<<8) | ADRESL  ;
0x010F	0x081E      	MOVF       ADRESH, 0
0x0110	0x00F1      	MOVWF      R0+1
0x0111	0x01F0      	CLRF       R0
0x0112	0x1683      	BSF        STATUS, 5
0x0113	0x081E      	MOVF       ADRESL, 0
0x0114	0x04F0      	IORWF      R0, 1
0x0115	0x3000      	MOVLW      0
0x0116	0x04F1      	IORWF      R0+1, 1
;G2_project.c,78 :: 		}
L_end_AID_read2:
0x0117	0x0008      	RETURN
; end of _AID_read2
_IntToStr:
;__Lib_Conversions.c,195 :: 		
;__Lib_Conversions.c,201 :: 		
0x0118	0x1283      	BCF        STATUS, 5
0x0119	0x1303      	BCF        STATUS, 6
0x011A	0x01C3      	CLRF       IntToStr_negative_L0
0x011B	0x01C4      	CLRF       IntToStr_negative_L0+1
;__Lib_Conversions.c,202 :: 		
0x011C	0x083E      	MOVF       FARG_IntToStr_input, 0
0x011D	0x00C5      	MOVWF      IntToStr_inword_L0
0x011E	0x083F      	MOVF       FARG_IntToStr_input+1, 0
0x011F	0x00C6      	MOVWF      IntToStr_inword_L0+1
;__Lib_Conversions.c,203 :: 		
0x0120	0x3080      	MOVLW      128
0x0121	0x063F      	XORWF      FARG_IntToStr_input+1, 0
0x0122	0x00F0      	MOVWF      R0
0x0123	0x3080      	MOVLW      128
0x0124	0x0270      	SUBWF      R0, 0
0x0125	0x1D03      	BTFSS      STATUS, 2
0x0126	0x2929      	GOTO       L__IntToStr387
0x0127	0x3000      	MOVLW      0
0x0128	0x023E      	SUBWF      FARG_IntToStr_input, 0
L__IntToStr387:
0x0129	0x1803      	BTFSC      STATUS, 0
0x012A	0x2937      	GOTO       L_IntToStr37
;__Lib_Conversions.c,204 :: 		
0x012B	0x3001      	MOVLW      1
0x012C	0x00C3      	MOVWF      IntToStr_negative_L0
0x012D	0x3000      	MOVLW      0
0x012E	0x00C4      	MOVWF      IntToStr_negative_L0+1
;__Lib_Conversions.c,205 :: 		
0x012F	0x083E      	MOVF       FARG_IntToStr_input, 0
0x0130	0x3C00      	SUBLW      0
0x0131	0x00C5      	MOVWF      IntToStr_inword_L0
0x0132	0x083F      	MOVF       FARG_IntToStr_input+1, 0
0x0133	0x1C03      	BTFSS      STATUS, 0
0x0134	0x3E01      	ADDLW      1
0x0135	0x01C6      	CLRF       IntToStr_inword_L0+1
0x0136	0x02C6      	SUBWF      IntToStr_inword_L0+1, 1
;__Lib_Conversions.c,206 :: 		
L_IntToStr37:
;__Lib_Conversions.c,207 :: 		
0x0137	0x0845      	MOVF       IntToStr_inword_L0, 0
0x0138	0x00C7      	MOVWF      FARG_WordToStr_input
0x0139	0x0846      	MOVF       IntToStr_inword_L0+1, 0
0x013A	0x00C8      	MOVWF      FARG_WordToStr_input+1
0x013B	0x0840      	MOVF       FARG_IntToStr_output, 0
0x013C	0x00C9      	MOVWF      FARG_WordToStr_output
0x013D	0x2086      	CALL       _WordToStr
;__Lib_Conversions.c,209 :: 		
0x013E	0x3006      	MOVLW      6
0x013F	0x00C1      	MOVWF      IntToStr_i_L0
0x0140	0x3000      	MOVLW      0
0x0141	0x00C2      	MOVWF      IntToStr_i_L0+1
;__Lib_Conversions.c,210 :: 		
L_IntToStr38:
0x0142	0x0842      	MOVF       IntToStr_i_L0+1, 0
0x0143	0x3C00      	SUBLW      0
0x0144	0x1D03      	BTFSS      STATUS, 2
0x0145	0x2948      	GOTO       L__IntToStr388
0x0146	0x0841      	MOVF       IntToStr_i_L0, 0
0x0147	0x3C00      	SUBLW      0
L__IntToStr388:
0x0148	0x1803      	BTFSC      STATUS, 0
0x0149	0x2963      	GOTO       L_IntToStr39
;__Lib_Conversions.c,211 :: 		
0x014A	0x0841      	MOVF       IntToStr_i_L0, 0
0x014B	0x0740      	ADDWF      FARG_IntToStr_output, 0
0x014C	0x00F2      	MOVWF      R2
0x014D	0x3001      	MOVLW      1
0x014E	0x0241      	SUBWF      IntToStr_i_L0, 0
0x014F	0x00F0      	MOVWF      R0
0x0150	0x3000      	MOVLW      0
0x0151	0x1C03      	BTFSS      STATUS, 0
0x0152	0x3E01      	ADDLW      1
0x0153	0x0242      	SUBWF      IntToStr_i_L0+1, 0
0x0154	0x00F1      	MOVWF      R0+1
0x0155	0x0870      	MOVF       R0, 0
0x0156	0x0740      	ADDWF      FARG_IntToStr_output, 0
0x0157	0x0084      	MOVWF      FSR
0x0158	0x0800      	MOVF       INDF, 0
0x0159	0x00F0      	MOVWF      R0
0x015A	0x0872      	MOVF       R2, 0
0x015B	0x0084      	MOVWF      FSR
0x015C	0x0870      	MOVF       R0, 0
0x015D	0x0080      	MOVWF      INDF
;__Lib_Conversions.c,212 :: 		
0x015E	0x3001      	MOVLW      1
0x015F	0x02C1      	SUBWF      IntToStr_i_L0, 1
0x0160	0x1C03      	BTFSS      STATUS, 0
0x0161	0x03C2      	DECF       IntToStr_i_L0+1, 1
;__Lib_Conversions.c,213 :: 		
0x0162	0x2942      	GOTO       L_IntToStr38
L_IntToStr39:
;__Lib_Conversions.c,214 :: 		
0x0163	0x0840      	MOVF       FARG_IntToStr_output, 0
0x0164	0x0084      	MOVWF      FSR
0x0165	0x3020      	MOVLW      32
0x0166	0x0080      	MOVWF      INDF
;__Lib_Conversions.c,215 :: 		
0x0167	0x0843      	MOVF       IntToStr_negative_L0, 0
0x0168	0x0444      	IORWF      IntToStr_negative_L0+1, 0
0x0169	0x1903      	BTFSC      STATUS, 2
0x016A	0x2981      	GOTO       L_IntToStr40
;__Lib_Conversions.c,216 :: 		
0x016B	0x01C1      	CLRF       IntToStr_i_L0
0x016C	0x01C2      	CLRF       IntToStr_i_L0+1
;__Lib_Conversions.c,217 :: 		
L_IntToStr41:
0x016D	0x0841      	MOVF       IntToStr_i_L0, 0
0x016E	0x0740      	ADDWF      FARG_IntToStr_output, 0
0x016F	0x0084      	MOVWF      FSR
0x0170	0x0800      	MOVF       INDF, 0
0x0171	0x3A20      	XORLW      32
0x0172	0x1D03      	BTFSS      STATUS, 2
0x0173	0x2978      	GOTO       L_IntToStr42
0x0174	0x0AC1      	INCF       IntToStr_i_L0, 1
0x0175	0x1903      	BTFSC      STATUS, 2
0x0176	0x0AC2      	INCF       IntToStr_i_L0+1, 1
0x0177	0x296D      	GOTO       L_IntToStr41
L_IntToStr42:
;__Lib_Conversions.c,218 :: 		
0x0178	0x3001      	MOVLW      1
0x0179	0x02C1      	SUBWF      IntToStr_i_L0, 1
0x017A	0x1C03      	BTFSS      STATUS, 0
0x017B	0x03C2      	DECF       IntToStr_i_L0+1, 1
;__Lib_Conversions.c,219 :: 		
0x017C	0x0841      	MOVF       IntToStr_i_L0, 0
0x017D	0x0740      	ADDWF      FARG_IntToStr_output, 0
0x017E	0x0084      	MOVWF      FSR
0x017F	0x302D      	MOVLW      45
0x0180	0x0080      	MOVWF      INDF
L_IntToStr40:
;__Lib_Conversions.c,220 :: 		
L_end_IntToStr:
0x0181	0x0008      	RETURN
; end of _IntToStr
_Lcd_Init:
;__Lib_Lcd.c,84 :: 		
;__Lib_Lcd.c,86 :: 		
0x0182	0x1683      	BSF        STATUS, 5
0x0183	0x1303      	BCF        STATUS, 6
0x0184	0x1208      	BCF        LCD_EN_Direction, BitPos(LCD_EN_Direction+0)
;__Lib_Lcd.c,87 :: 		
0x0185	0x1388      	BCF        LCD_RS_Direction, BitPos(LCD_RS_Direction+0)
;__Lib_Lcd.c,88 :: 		
0x0186	0x1308      	BCF        LCD_D4_Direction, BitPos(LCD_D4_Direction+0)
;__Lib_Lcd.c,89 :: 		
0x0187	0x1288      	BCF        LCD_D5_Direction, BitPos(LCD_D5_Direction+0)
;__Lib_Lcd.c,90 :: 		
0x0188	0x1008      	BCF        LCD_D6_Direction, BitPos(LCD_D6_Direction+0)
;__Lib_Lcd.c,91 :: 		
0x0189	0x1088      	BCF        LCD_D7_Direction, BitPos(LCD_D7_Direction+0)
;__Lib_Lcd.c,93 :: 		
0x018A	0x1283      	BCF        STATUS, 5
0x018B	0x1208      	BCF        LCD_EN, BitPos(LCD_EN+0)
;__Lib_Lcd.c,94 :: 		
0x018C	0x1388      	BCF        LCD_RS, BitPos(LCD_RS+0)
;__Lib_Lcd.c,95 :: 		
0x018D	0x1088      	BCF        LCD_D7, BitPos(LCD_D7+0)
;__Lib_Lcd.c,96 :: 		
0x018E	0x1008      	BCF        LCD_D6, BitPos(LCD_D6+0)
;__Lib_Lcd.c,97 :: 		
0x018F	0x1288      	BCF        LCD_D5, BitPos(LCD_D5+0)
;__Lib_Lcd.c,98 :: 		
0x0190	0x1308      	BCF        LCD_D4, BitPos(LCD_D4+0)
;__Lib_Lcd.c,100 :: 		
0x0191	0x200D      	CALL       _Delay_5500us
;__Lib_Lcd.c,101 :: 		
0x0192	0x200D      	CALL       _Delay_5500us
;__Lib_Lcd.c,102 :: 		
0x0193	0x200D      	CALL       _Delay_5500us
;__Lib_Lcd.c,105 :: 		
0x0194	0x1688      	BSF        LCD_D5, BitPos(LCD_D5+0)
;__Lib_Lcd.c,106 :: 		
0x0195	0x1708      	BSF        LCD_D4, BitPos(LCD_D4+0)
;__Lib_Lcd.c,107 :: 		
0x0196	0x1608      	BSF        LCD_EN, BitPos(LCD_EN+0)
;__Lib_Lcd.c,108 :: 		
0x0197	0x200A      	CALL       _Delay_1us
;__Lib_Lcd.c,109 :: 		
0x0198	0x1208      	BCF        LCD_EN, BitPos(LCD_EN+0)
;__Lib_Lcd.c,110 :: 		
0x0199	0x200D      	CALL       _Delay_5500us
;__Lib_Lcd.c,112 :: 		
0x019A	0x1608      	BSF        LCD_EN, BitPos(LCD_EN+0)
;__Lib_Lcd.c,113 :: 		
0x019B	0x200A      	CALL       _Delay_1us
;__Lib_Lcd.c,114 :: 		
0x019C	0x1208      	BCF        LCD_EN, BitPos(LCD_EN+0)
;__Lib_Lcd.c,115 :: 		
0x019D	0x200D      	CALL       _Delay_5500us
;__Lib_Lcd.c,117 :: 		
0x019E	0x1608      	BSF        LCD_EN, BitPos(LCD_EN+0)
;__Lib_Lcd.c,118 :: 		
0x019F	0x200A      	CALL       _Delay_1us
;__Lib_Lcd.c,119 :: 		
0x01A0	0x1208      	BCF        LCD_EN, BitPos(LCD_EN+0)
;__Lib_Lcd.c,120 :: 		
0x01A1	0x200D      	CALL       _Delay_5500us
;__Lib_Lcd.c,123 :: 		
0x01A2	0x1308      	BCF        LCD_D4, BitPos(LCD_D4+0)
;__Lib_Lcd.c,124 :: 		
0x01A3	0x1608      	BSF        LCD_EN, BitPos(LCD_EN+0)
;__Lib_Lcd.c,125 :: 		
0x01A4	0x200A      	CALL       _Delay_1us
;__Lib_Lcd.c,126 :: 		
0x01A5	0x1208      	BCF        LCD_EN, BitPos(LCD_EN+0)
;__Lib_Lcd.c,127 :: 		
0x01A6	0x200D      	CALL       _Delay_5500us
;__Lib_Lcd.c,130 :: 		
0x01A7	0x1608      	BSF        LCD_EN, BitPos(LCD_EN+0)
;__Lib_Lcd.c,131 :: 		
0x01A8	0x200A      	CALL       _Delay_1us
;__Lib_Lcd.c,132 :: 		
0x01A9	0x1208      	BCF        LCD_EN, BitPos(LCD_EN+0)
;__Lib_Lcd.c,134 :: 		
0x01AA	0x1288      	BCF        LCD_D5, BitPos(LCD_D5+0)
;__Lib_Lcd.c,135 :: 		
0x01AB	0x1488      	BSF        LCD_D7, BitPos(LCD_D7+0)
;__Lib_Lcd.c,136 :: 		
0x01AC	0x1608      	BSF        LCD_EN, BitPos(LCD_EN+0)
;__Lib_Lcd.c,137 :: 		
0x01AD	0x200A      	CALL       _Delay_1us
;__Lib_Lcd.c,138 :: 		
0x01AE	0x1208      	BCF        LCD_EN, BitPos(LCD_EN+0)
;__Lib_Lcd.c,139 :: 		
0x01AF	0x200D      	CALL       _Delay_5500us
;__Lib_Lcd.c,142 :: 		
0x01B0	0x1088      	BCF        LCD_D7, BitPos(LCD_D7+0)
;__Lib_Lcd.c,143 :: 		
0x01B1	0x1708      	BSF        LCD_D4, BitPos(LCD_D4+0)
;__Lib_Lcd.c,144 :: 		
0x01B2	0x1608      	BSF        LCD_EN, BitPos(LCD_EN+0)
;__Lib_Lcd.c,145 :: 		
0x01B3	0x200A      	CALL       _Delay_1us
;__Lib_Lcd.c,146 :: 		
0x01B4	0x1208      	BCF        LCD_EN, BitPos(LCD_EN+0)
;__Lib_Lcd.c,148 :: 		
0x01B5	0x1308      	BCF        LCD_D4, BitPos(LCD_D4+0)
;__Lib_Lcd.c,149 :: 		
0x01B6	0x1608      	BSF        LCD_EN, BitPos(LCD_EN+0)
;__Lib_Lcd.c,150 :: 		
0x01B7	0x200A      	CALL       _Delay_1us
;__Lib_Lcd.c,151 :: 		
0x01B8	0x1208      	BCF        LCD_EN, BitPos(LCD_EN+0)
;__Lib_Lcd.c,152 :: 		
0x01B9	0x200D      	CALL       _Delay_5500us
;__Lib_Lcd.c,155 :: 		
0x01BA	0x1608      	BSF        LCD_EN, BitPos(LCD_EN+0)
;__Lib_Lcd.c,156 :: 		
0x01BB	0x200A      	CALL       _Delay_1us
;__Lib_Lcd.c,157 :: 		
0x01BC	0x1208      	BCF        LCD_EN, BitPos(LCD_EN+0)
;__Lib_Lcd.c,159 :: 		
0x01BD	0x1708      	BSF        LCD_D4, BitPos(LCD_D4+0)
;__Lib_Lcd.c,160 :: 		
0x01BE	0x1608      	BSF        LCD_EN, BitPos(LCD_EN+0)
;__Lib_Lcd.c,161 :: 		
0x01BF	0x200A      	CALL       _Delay_1us
;__Lib_Lcd.c,162 :: 		
0x01C0	0x1208      	BCF        LCD_EN, BitPos(LCD_EN+0)
;__Lib_Lcd.c,163 :: 		
0x01C1	0x200D      	CALL       _Delay_5500us
;__Lib_Lcd.c,166 :: 		
0x01C2	0x1308      	BCF        LCD_D4, BitPos(LCD_D4+0)
;__Lib_Lcd.c,167 :: 		
0x01C3	0x1608      	BSF        LCD_EN, BitPos(LCD_EN+0)
;__Lib_Lcd.c,168 :: 		
0x01C4	0x200A      	CALL       _Delay_1us
;__Lib_Lcd.c,169 :: 		
0x01C5	0x1208      	BCF        LCD_EN, BitPos(LCD_EN+0)
;__Lib_Lcd.c,171 :: 		
0x01C6	0x1488      	BSF        LCD_D7, BitPos(LCD_D7+0)
;__Lib_Lcd.c,172 :: 		
0x01C7	0x1408      	BSF        LCD_D6, BitPos(LCD_D6+0)
;__Lib_Lcd.c,173 :: 		
0x01C8	0x1688      	BSF        LCD_D5, BitPos(LCD_D5+0)
;__Lib_Lcd.c,174 :: 		
0x01C9	0x1708      	BSF        LCD_D4, BitPos(LCD_D4+0)
;__Lib_Lcd.c,175 :: 		
0x01CA	0x1608      	BSF        LCD_EN, BitPos(LCD_EN+0)
;__Lib_Lcd.c,176 :: 		
0x01CB	0x200A      	CALL       _Delay_1us
;__Lib_Lcd.c,177 :: 		
0x01CC	0x1208      	BCF        LCD_EN, BitPos(LCD_EN+0)
;__Lib_Lcd.c,179 :: 		
0x01CD	0x200D      	CALL       _Delay_5500us
;__Lib_Lcd.c,181 :: 		
0x01CE	0x1435      	BSF        __Lib_Lcd_cmd_status, BitPos(__Lib_Lcd_cmd_status+0)
;__Lib_Lcd.c,182 :: 		
L_end_Lcd_Init:
0x01CF	0x0008      	RETURN
; end of _Lcd_Init
_fan:
;G2_project.c,93 :: 		void fan(unsigned int p1){
;G2_project.c,94 :: 		CCPR1L=p1;
0x01D0	0x1283      	BCF        STATUS, 5
0x01D1	0x1303      	BCF        STATUS, 6
0x01D2	0x083E      	MOVF       FARG_fan_p1, 0
0x01D3	0x0095      	MOVWF      CCPR1L
;G2_project.c,95 :: 		}
L_end_fan:
0x01D4	0x0008      	RETURN
; end of _fan
_Lcd_Out:
;__Lib_Lcd.c,184 :: 		
;__Lib_Lcd.c,187 :: 		
0x01D5	0x29E7      	GOTO       L_Lcd_Out11
;__Lib_Lcd.c,188 :: 		
L_Lcd_Out13:
0x01D6	0x3080      	MOVLW      128
0x01D7	0x1283      	BCF        STATUS, 5
0x01D8	0x1303      	BCF        STATUS, 6
0x01D9	0x00BE      	MOVWF      FARG_Lcd_Out_row
0x01DA	0x29FA      	GOTO       L_Lcd_Out12
;__Lib_Lcd.c,189 :: 		
L_Lcd_Out14:
0x01DB	0x30C0      	MOVLW      192
0x01DC	0x00BE      	MOVWF      FARG_Lcd_Out_row
0x01DD	0x29FA      	GOTO       L_Lcd_Out12
;__Lib_Lcd.c,190 :: 		
L_Lcd_Out15:
0x01DE	0x3094      	MOVLW      148
0x01DF	0x00BE      	MOVWF      FARG_Lcd_Out_row
0x01E0	0x29FA      	GOTO       L_Lcd_Out12
;__Lib_Lcd.c,191 :: 		
L_Lcd_Out16:
0x01E1	0x30D4      	MOVLW      212
0x01E2	0x00BE      	MOVWF      FARG_Lcd_Out_row
0x01E3	0x29FA      	GOTO       L_Lcd_Out12
;__Lib_Lcd.c,192 :: 		
L_Lcd_Out17:
0x01E4	0x3080      	MOVLW      128
0x01E5	0x00BE      	MOVWF      FARG_Lcd_Out_row
;__Lib_Lcd.c,193 :: 		
0x01E6	0x29FA      	GOTO       L_Lcd_Out12
L_Lcd_Out11:
0x01E7	0x1283      	BCF        STATUS, 5
0x01E8	0x1303      	BCF        STATUS, 6
0x01E9	0x083E      	MOVF       FARG_Lcd_Out_row, 0
0x01EA	0x3A01      	XORLW      1
0x01EB	0x1903      	BTFSC      STATUS, 2
0x01EC	0x29D6      	GOTO       L_Lcd_Out13
0x01ED	0x083E      	MOVF       FARG_Lcd_Out_row, 0
0x01EE	0x3A02      	XORLW      2
0x01EF	0x1903      	BTFSC      STATUS, 2
0x01F0	0x29DB      	GOTO       L_Lcd_Out14
0x01F1	0x083E      	MOVF       FARG_Lcd_Out_row, 0
0x01F2	0x3A03      	XORLW      3
0x01F3	0x1903      	BTFSC      STATUS, 2
0x01F4	0x29DE      	GOTO       L_Lcd_Out15
0x01F5	0x083E      	MOVF       FARG_Lcd_Out_row, 0
0x01F6	0x3A04      	XORLW      4
0x01F7	0x1903      	BTFSC      STATUS, 2
0x01F8	0x29E1      	GOTO       L_Lcd_Out16
0x01F9	0x29E4      	GOTO       L_Lcd_Out17
L_Lcd_Out12:
;__Lib_Lcd.c,194 :: 		
0x01FA	0x033F      	DECF       FARG_Lcd_Out_column, 0
0x01FB	0x00F0      	MOVWF      R0
0x01FC	0x083E      	MOVF       FARG_Lcd_Out_row, 0
0x01FD	0x07F0      	ADDWF      R0, 1
0x01FE	0x0870      	MOVF       R0, 0
0x01FF	0x00BE      	MOVWF      FARG_Lcd_Out_row
;__Lib_Lcd.c,196 :: 		
0x0200	0x0870      	MOVF       R0, 0
0x0201	0x00CC      	MOVWF      FARG_Lcd_Cmd_out_char
0x0202	0x201A      	CALL       _Lcd_Cmd
;__Lib_Lcd.c,197 :: 		
0x0203	0x1035      	BCF        __Lib_Lcd_cmd_status, BitPos(__Lib_Lcd_cmd_status+0)
;__Lib_Lcd.c,198 :: 		
0x0204	0x01C1      	CLRF       Lcd_Out_i_L0
;__Lib_Lcd.c,199 :: 		
L_Lcd_Out18:
0x0205	0x0841      	MOVF       Lcd_Out_i_L0, 0
0x0206	0x0740      	ADDWF      FARG_Lcd_Out_text, 0
0x0207	0x0084      	MOVWF      FSR
0x0208	0x0800      	MOVF       INDF, 0
0x0209	0x1903      	BTFSC      STATUS, 2
0x020A	0x2A13      	GOTO       L_Lcd_Out19
;__Lib_Lcd.c,200 :: 		
0x020B	0x0841      	MOVF       Lcd_Out_i_L0, 0
0x020C	0x0740      	ADDWF      FARG_Lcd_Out_text, 0
0x020D	0x0084      	MOVWF      FSR
0x020E	0x0800      	MOVF       INDF, 0
0x020F	0x00C7      	MOVWF      FARG_Lcd_Chr_CP_out_char
0x0210	0x2077      	CALL       _Lcd_Chr_CP
0x0211	0x0AC1      	INCF       Lcd_Out_i_L0, 1
0x0212	0x2A05      	GOTO       L_Lcd_Out18
L_Lcd_Out19:
;__Lib_Lcd.c,201 :: 		
0x0213	0x1435      	BSF        __Lib_Lcd_cmd_status, BitPos(__Lib_Lcd_cmd_status+0)
;__Lib_Lcd.c,202 :: 		
L_end_Lcd_Out:
0x0214	0x0008      	RETURN
; end of _Lcd_Out
_myDelay:
;G2_project.c,104 :: 		void myDelay(void){
;G2_project.c,106 :: 		for(k=0;k<40;k++){
0x0215	0x1283      	BCF        STATUS, 5
0x0216	0x1303      	BCF        STATUS, 6
0x0217	0x01BC      	CLRF       _k
0x0218	0x01BD      	CLRF       _k+1
L_myDelay9:
0x0219	0x3000      	MOVLW      0
0x021A	0x023D      	SUBWF      _k+1, 0
0x021B	0x1D03      	BTFSS      STATUS, 2
0x021C	0x2A1F      	GOTO       L__myDelay26
0x021D	0x3028      	MOVLW      40
0x021E	0x023C      	SUBWF      _k, 0
L__myDelay26:
0x021F	0x1803      	BTFSC      STATUS, 0
0x0220	0x2A33      	GOTO       L_myDelay10
;G2_project.c,108 :: 		for(j=0;j<2000;j++){
0x0221	0x01BA      	CLRF       _j
0x0222	0x01BB      	CLRF       _j+1
L_myDelay12:
0x0223	0x3007      	MOVLW      7
0x0224	0x023B      	SUBWF      _j+1, 0
0x0225	0x1D03      	BTFSS      STATUS, 2
0x0226	0x2A29      	GOTO       L__myDelay27
0x0227	0x30D0      	MOVLW      208
0x0228	0x023A      	SUBWF      _j, 0
L__myDelay27:
0x0229	0x1803      	BTFSC      STATUS, 0
0x022A	0x2A2F      	GOTO       L_myDelay13
;G2_project.c,109 :: 		k=k;
;G2_project.c,110 :: 		j=j;
;G2_project.c,108 :: 		for(j=0;j<2000;j++){
0x022B	0x0ABA      	INCF       _j, 1
0x022C	0x1903      	BTFSC      STATUS, 2
0x022D	0x0ABB      	INCF       _j+1, 1
;G2_project.c,111 :: 		}
0x022E	0x2A23      	GOTO       L_myDelay12
L_myDelay13:
;G2_project.c,106 :: 		for(k=0;k<40;k++){
0x022F	0x0ABC      	INCF       _k, 1
0x0230	0x1903      	BTFSC      STATUS, 2
0x0231	0x0ABD      	INCF       _k+1, 1
;G2_project.c,112 :: 		}
0x0232	0x2A19      	GOTO       L_myDelay9
L_myDelay10:
;G2_project.c,113 :: 		}
L_end_myDelay:
0x0233	0x0008      	RETURN
; end of _myDelay
___CC2DW:
;__Lib_System.c,134 :: 		
;__Lib_System.c,137 :: 		
_CC2D_Loop1:
;__Lib_System.c,139 :: 		
0x0234	0x207F      	CALL       _____DoICP
0x0235	0x118A      	BCF        PCLATH, 3
0x0236	0x120A      	BCF        PCLATH, 4
;__Lib_System.c,141 :: 		
0x0237	0x0080      	MOVWF      INDF
;__Lib_System.c,142 :: 		
0x0238	0x0A84      	INCF       FSR, 1
;__Lib_System.c,143 :: 		
0x0239	0x0AB8      	INCF       ___DoICPAddr, 1
;__Lib_System.c,145 :: 		
0x023A	0x1903      	BTFSC      STATUS, 2
;__Lib_System.c,146 :: 		
0x023B	0x0AB9      	INCF       ___DoICPAddr+1, 1
;__Lib_System.c,147 :: 		
0x023C	0x03F0      	DECF       R0, 1
;__Lib_System.c,149 :: 		
0x023D	0x1D03      	BTFSS      STATUS, 2
;__Lib_System.c,150 :: 		
0x023E	0x2A34      	GOTO       _CC2D_Loop1
;__Lib_System.c,152 :: 		
L_end___CC2DW:
0x023F	0x0008      	RETURN
; end of ___CC2DW
_AID_INT:
;G2_project.c,79 :: 		void AID_INT(void){
;G2_project.c,80 :: 		ADCON0=0X41;
0x0240	0x3041      	MOVLW      65
0x0241	0x1283      	BCF        STATUS, 5
0x0242	0x1303      	BCF        STATUS, 6
0x0243	0x009F      	MOVWF      ADCON0
;G2_project.c,81 :: 		ADCON1=0XCE;
0x0244	0x30CE      	MOVLW      206
0x0245	0x1683      	BSF        STATUS, 5
0x0246	0x009F      	MOVWF      ADCON1
;G2_project.c,82 :: 		TRISA=0XFF;}
0x0247	0x30FF      	MOVLW      255
0x0248	0x0085      	MOVWF      TRISA
L_end_AID_INT:
0x0249	0x0008      	RETURN
; end of _AID_INT
_main:
0x024A	0x3054      	MOVLW      84
0x024B	0x1283      	BCF        STATUS, 5
0x024C	0x1303      	BCF        STATUS, 6
0x024D	0x00A0      	MOVWF      ?lstr1_G2_project
0x024E	0x3045      	MOVLW      69
0x024F	0x00A1      	MOVWF      33
0x0250	0x304D      	MOVLW      77
0x0251	0x00A2      	MOVWF      34
0x0252	0x3050      	MOVLW      80
0x0253	0x00A3      	MOVWF      35
0x0254	0x303D      	MOVLW      61
0x0255	0x00A4      	MOVWF      36
0x0256	0x3020      	MOVLW      32
0x0257	0x00A5      	MOVWF      37
0x0258	0x3020      	MOVLW      32
0x0259	0x00A6      	MOVWF      38
0x025A	0x01A7      	CLRF       39
0x025B	0x3054      	MOVLW      84
0x025C	0x00A8      	MOVWF      ?lstr2_G2_project
0x025D	0x3045      	MOVLW      69
0x025E	0x00A9      	MOVWF      41
0x025F	0x304D      	MOVLW      77
0x0260	0x00AA      	MOVWF      42
0x0261	0x3050      	MOVLW      80
0x0262	0x00AB      	MOVWF      43
0x0263	0x303D      	MOVLW      61
0x0264	0x00AC      	MOVWF      44
0x0265	0x3020      	MOVLW      32
0x0266	0x00AD      	MOVWF      45
0x0267	0x3020      	MOVLW      32
0x0268	0x00AE      	MOVWF      46
0x0269	0x01AF      	CLRF       47
;G2_project.c,32 :: 		void main() {
;G2_project.c,33 :: 		Lcd_init();
0x026A	0x2182      	CALL       _Lcd_Init
;G2_project.c,34 :: 		myDelay() ;
0x026B	0x2215      	CALL       _myDelay
;G2_project.c,35 :: 		Lcd_Cmd(_LCD_CURSOR_OFF);
0x026C	0x300C      	MOVLW      12
0x026D	0x00CC      	MOVWF      FARG_Lcd_Cmd_out_char
0x026E	0x201A      	CALL       _Lcd_Cmd
;G2_project.c,36 :: 		myDelay();
0x026F	0x2215      	CALL       _myDelay
;G2_project.c,37 :: 		AID_INT();
0x0270	0x2240      	CALL       _AID_INT
;G2_project.c,38 :: 		myDelay();
0x0271	0x2215      	CALL       _myDelay
;G2_project.c,39 :: 		Lcd_Cmd(_LCD_CLEAR);
0x0272	0x3001      	MOVLW      1
0x0273	0x00CC      	MOVWF      FARG_Lcd_Cmd_out_char
0x0274	0x201A      	CALL       _Lcd_Cmd
;G2_project.c,40 :: 		TRISC=0X00;
0x0275	0x1683      	BSF        STATUS, 5
0x0276	0x0187      	CLRF       TRISC
;G2_project.c,41 :: 		CCPWM_init();
0x0277	0x20F1      	CALL       _CCPWM_init
;G2_project.c,42 :: 		while(1){
L_main0:
;G2_project.c,43 :: 		water_level();
0x0278	0x2100      	CALL       _water_level
;G2_project.c,44 :: 		t=((AID_read2()*500)/1023);
0x0279	0x2109      	CALL       _AID_read2
0x027A	0x30F4      	MOVLW      244
0x027B	0x00F4      	MOVWF      R4
0x027C	0x3001      	MOVLW      1
0x027D	0x00F5      	MOVWF      R4+1
0x027E	0x20C6      	CALL       _Mul_16X16_U
0x027F	0x30FF      	MOVLW      255
0x0280	0x00F4      	MOVWF      R4
0x0281	0x3003      	MOVLW      3
0x0282	0x00F5      	MOVWF      R4+1
0x0283	0x205A      	CALL       _Div_16X16_U
0x0284	0x0870      	MOVF       R0, 0
0x0285	0x00B6      	MOVWF      _t
0x0286	0x0871      	MOVF       R0+1, 0
0x0287	0x00B7      	MOVWF      _t+1
;G2_project.c,45 :: 		inttostr(t,lmr1);
0x0288	0x0870      	MOVF       R0, 0
0x0289	0x00BE      	MOVWF      FARG_IntToStr_input
0x028A	0x0871      	MOVF       R0+1, 0
0x028B	0x00BF      	MOVWF      FARG_IntToStr_input+1
0x028C	0x3030      	MOVLW      _lmr1
0x028D	0x00C0      	MOVWF      FARG_IntToStr_output
0x028E	0x2118      	CALL       _IntToStr
;G2_project.c,47 :: 		if(t >25 && t <30){
0x028F	0x3080      	MOVLW      128
0x0290	0x00F0      	MOVWF      R0
0x0291	0x3080      	MOVLW      128
0x0292	0x0637      	XORWF      _t+1, 0
0x0293	0x0270      	SUBWF      R0, 0
0x0294	0x1D03      	BTFSS      STATUS, 2
0x0295	0x2A98      	GOTO       L__main17
0x0296	0x0836      	MOVF       _t, 0
0x0297	0x3C19      	SUBLW      25
L__main17:
0x0298	0x1803      	BTFSC      STATUS, 0
0x0299	0x2ABB      	GOTO       L_main4
0x029A	0x3080      	MOVLW      128
0x029B	0x0637      	XORWF      _t+1, 0
0x029C	0x00F0      	MOVWF      R0
0x029D	0x3080      	MOVLW      128
0x029E	0x0270      	SUBWF      R0, 0
0x029F	0x1D03      	BTFSS      STATUS, 2
0x02A0	0x2AA3      	GOTO       L__main18
0x02A1	0x301E      	MOVLW      30
0x02A2	0x0236      	SUBWF      _t, 0
L__main18:
0x02A3	0x1803      	BTFSC      STATUS, 0
0x02A4	0x2ABB      	GOTO       L_main4
L__main15:
;G2_project.c,49 :: 		LCD_out(1,1,"TEMP=  ");
0x02A5	0x3001      	MOVLW      1
0x02A6	0x00BE      	MOVWF      FARG_Lcd_Out_row
0x02A7	0x3001      	MOVLW      1
0x02A8	0x00BF      	MOVWF      FARG_Lcd_Out_column
0x02A9	0x3020      	MOVLW      ?lstr1_G2_project
0x02AA	0x00C0      	MOVWF      FARG_Lcd_Out_text
0x02AB	0x21D5      	CALL       _Lcd_Out
;G2_project.c,50 :: 		LCD_out(1,10,lmr1);
0x02AC	0x3001      	MOVLW      1
0x02AD	0x00BE      	MOVWF      FARG_Lcd_Out_row
0x02AE	0x300A      	MOVLW      10
0x02AF	0x00BF      	MOVWF      FARG_Lcd_Out_column
0x02B0	0x3030      	MOVLW      _lmr1
0x02B1	0x00C0      	MOVWF      FARG_Lcd_Out_text
0x02B2	0x21D5      	CALL       _Lcd_Out
;G2_project.c,51 :: 		myDelay();
0x02B3	0x2215      	CALL       _myDelay
;G2_project.c,52 :: 		fan(250);
0x02B4	0x30FA      	MOVLW      250
0x02B5	0x00BE      	MOVWF      FARG_fan_p1
0x02B6	0x01BF      	CLRF       FARG_fan_p1+1
0x02B7	0x21D0      	CALL       _fan
;G2_project.c,53 :: 		PORTB=PORTB|0X04;
0x02B8	0x1506      	BSF        PORTB, 2
;G2_project.c,54 :: 		PORTB=PORTB&0XF7;}
0x02B9	0x30F7      	MOVLW      247
0x02BA	0x0586      	ANDWF      PORTB, 1
L_main4:
;G2_project.c,57 :: 		if(t <25){
0x02BB	0x3080      	MOVLW      128
0x02BC	0x0637      	XORWF      _t+1, 0
0x02BD	0x00F0      	MOVWF      R0
0x02BE	0x3080      	MOVLW      128
0x02BF	0x0270      	SUBWF      R0, 0
0x02C0	0x1D03      	BTFSS      STATUS, 2
0x02C1	0x2AC4      	GOTO       L__main19
0x02C2	0x3019      	MOVLW      25
0x02C3	0x0236      	SUBWF      _t, 0
L__main19:
0x02C4	0x1803      	BTFSC      STATUS, 0
0x02C5	0x2ADD      	GOTO       L_main5
;G2_project.c,59 :: 		PORTB=PORTB|0X04;
0x02C6	0x1506      	BSF        PORTB, 2
;G2_project.c,60 :: 		PORTB=PORTB&0XF7;
0x02C7	0x30F7      	MOVLW      247
0x02C8	0x0586      	ANDWF      PORTB, 1
;G2_project.c,61 :: 		LCD_out(1,1,"TEMP=  ");
0x02C9	0x3001      	MOVLW      1
0x02CA	0x00BE      	MOVWF      FARG_Lcd_Out_row
0x02CB	0x3001      	MOVLW      1
0x02CC	0x00BF      	MOVWF      FARG_Lcd_Out_column
0x02CD	0x3028      	MOVLW      ?lstr2_G2_project
0x02CE	0x00C0      	MOVWF      FARG_Lcd_Out_text
0x02CF	0x21D5      	CALL       _Lcd_Out
;G2_project.c,62 :: 		LCD_out(1,10,lmr1);
0x02D0	0x3001      	MOVLW      1
0x02D1	0x00BE      	MOVWF      FARG_Lcd_Out_row
0x02D2	0x300A      	MOVLW      10
0x02D3	0x00BF      	MOVWF      FARG_Lcd_Out_column
0x02D4	0x3030      	MOVLW      _lmr1
0x02D5	0x00C0      	MOVWF      FARG_Lcd_Out_text
0x02D6	0x21D5      	CALL       _Lcd_Out
;G2_project.c,63 :: 		myDelay();
0x02D7	0x2215      	CALL       _myDelay
;G2_project.c,64 :: 		fan(125);
0x02D8	0x307D      	MOVLW      125
0x02D9	0x00BE      	MOVWF      FARG_fan_p1
0x02DA	0x3000      	MOVLW      0
0x02DB	0x00BF      	MOVWF      FARG_fan_p1+1
0x02DC	0x21D0      	CALL       _fan
;G2_project.c,65 :: 		}
L_main5:
;G2_project.c,66 :: 		water_level();
0x02DD	0x2100      	CALL       _water_level
;G2_project.c,67 :: 		}
0x02DE	0x2A78      	GOTO       L_main0
;G2_project.c,69 :: 		}
L_end_main:
0x02DF	0x2ADF      	GOTO       $+0
; end of _main
Symbol List:
//** Routines locations **
//ADDRESS    SIZE    PROCEDURE
//----------------------------------------------
0x0003       [7]    _Delay_50us
0x000A       [3]    _Delay_1us
0x000D      [13]    _Delay_5500us
0x001A      [64]    _Lcd_Cmd
0x005A      [29]    _Div_16X16_U
0x0077       [8]    _Lcd_Chr_CP
0x007F       [7]    _____DoICP
0x0086      [64]    _WordToStr
0x00C6      [43]    _Mul_16X16_U
0x00F1      [15]    _CCPWM_init
0x0100       [9]    _water_level
0x0109      [15]    _AID_read2
0x0118     [106]    _IntToStr
0x0182      [78]    _Lcd_Init
0x01D0       [5]    _fan
0x01D5      [64]    _Lcd_Out
0x0215      [31]    _myDelay
0x0234      [12]    ___CC2DW
0x0240      [10]    _AID_INT
0x024A     [150]    _main
//** Variables locations ** 
//ADDRESS    SIZE    VARIABLE
//----------------------------------------------
0x0000       [1]    INDF
0x0002       [1]    PCL
0x0003       [1]    STATUS
0x0004       [1]    FSR
0x0006       [1]    PORTB
0x0008       [0]    LCD_D7
0x0008       [0]    LCD_D6
0x0008       [0]    LCD_EN
0x0008       [0]    RD1_bit
0x0008       [0]    LCD_D4
0x0008       [0]    RD0_bit
0x0008       [0]    LCD_D5
0x0008       [0]    RD5_bit
0x0008       [0]    RD4_bit
0x0008       [0]    RD7_bit
0x0008       [0]    RD6_bit
0x0008       [0]    LCD_RS
0x000A       [1]    PCLATH
0x0012       [1]    T2CON
0x0015       [1]    CCPR1L
0x001B       [1]    CCPR2L
0x001D       [1]    CCP2CON
0x001E       [1]    ADRESH
0x001F       [1]    ADCON0
0x0020       [8]    ?lstr1_G2_project
0x0028       [8]    ?lstr2_G2_project
0x0030       [5]    _lmr1
0x0035       [0]    __Lib_Lcd_cmd_status
0x0036       [2]    _t
0x0038       [2]    ___DoICPAddr
0x003A       [2]    _j
0x003C       [2]    _k
0x003E       [2]    FARG_fan_p1
0x003E       [2]    FARG_IntToStr_input
0x003E       [1]    FARG_Lcd_Out_row
0x003F       [1]    FARG_Lcd_Out_column
0x0040       [1]    FARG_Lcd_Out_text
0x0040       [1]    FARG_IntToStr_output
0x0041       [1]    Lcd_Out_i_L0
0x0041       [2]    IntToStr_i_L0
0x0043       [2]    IntToStr_negative_L0
0x0045       [2]    IntToStr_inword_L0
0x0047       [2]    FARG_WordToStr_input
0x0047       [1]    FARG_Lcd_Chr_CP_out_char
0x0049       [1]    FARG_WordToStr_output
0x004A       [1]    WordToStr_len_L0
0x004B       [1]    FLOC__WordToStr
0x004C       [1]    FARG_Lcd_Cmd_out_char
0x0070       [1]    R0
0x0071       [1]    R1
0x0072       [1]    R2
0x0073       [1]    R3
0x0074       [1]    R4
0x0075       [1]    R5
0x0076       [1]    R6
0x0077       [1]    R7
0x0078       [1]    R8
0x0079       [1]    R9
0x007A       [1]    R10
0x007B       [1]    R11
0x007C       [1]    R12
0x007D       [1]    R13
0x007E       [1]    R14
0x007F       [1]    R15
0x0085       [1]    TRISA
0x0087       [1]    TRISC
0x0088       [0]    TRISD1_bit
0x0088       [0]    TRISD4_bit
0x0088       [0]    TRISD7_bit
0x0088       [0]    TRISD6_bit
0x0088       [0]    TRISD5_bit
0x0088       [0]    LCD_D6_Direction
0x0088       [0]    LCD_D5_Direction
0x0088       [0]    LCD_D4_Direction
0x0088       [0]    LCD_D7_Direction
0x0088       [0]    TRISD0_bit
0x0088       [0]    LCD_RS_Direction
0x0088       [0]    LCD_EN_Direction
0x0092       [1]    PR2
0x009E       [1]    ADRESL
0x009F       [1]    ADCON1
